<?xml version="1.0" encoding="UTF-8"?>
<testng-results ignored="0" total="1" passed="1" failed="0" skipped="0">
  <reporter-output>
  </reporter-output>
  <suite started-at="2020-11-29T16:16:33 EST" name="Default suite" finished-at="2020-11-29T16:16:33 EST" duration-ms="64">
    <groups>
    </groups>
    <test started-at="2020-11-29T16:16:33 EST" name="Default test" finished-at="2020-11-29T16:16:33 EST" duration-ms="64">
      <class name="creat.Set">
        <test-method signature="log()[pri:0, instance:creat.Set@38c5cc4c]" started-at="2020-11-29T16:16:33 EST" name="log" finished-at="2020-11-29T16:16:33 EST" duration-ms="11" status="PASS">
          <reporter-output>
          </reporter-output>
        </test-method> <!-- log -->
      </class> <!-- creat.Set -->
    </test> <!-- Default test -->
  </suite> <!-- Default suite -->
</testng-results>
